<?xml version="1.0" encoding="UTF-8"?>
<!-- Generated by org.testng.reporters.JUnitXMLReporter -->
<testsuite ignored="0" hostname="DESKTOP-5FOVL37" failures="0" tests="4" name="Test" time="37.4" errors="0" timestamp="2024-05-20T11:23:51 IST">
  <testcase classname="com.loa.dataproviders.Logincredentlsmultiplewaystesting" name="main" time="13.693"/>
  <testcase classname="com.loa.dataproviders.Logincredentlsmultiplewaystesting" name="main" time="7.416"/>
  <testcase classname="com.loa.dataproviders.Logincredentlsmultiplewaystesting" name="main" time="8.009"/>
  <testcase classname="com.loa.dataproviders.Logincredentlsmultiplewaystesting" name="main" time="8.171"/>
</testsuite> <!-- Test -->
