<?xml version="1.0" encoding="UTF-8"?>
<testng-results ignored="0" total="2" passed="2" failed="0" skipped="0">
  <reporter-output>
  </reporter-output>
  <suite started-at="2024-06-03T11:12:55 IST" name="Default suite" finished-at="2024-06-03T11:13:19 IST" duration-ms="23997">
    <groups>
    </groups>
    <test started-at="2024-06-03T11:12:55 IST" name="Default test" finished-at="2024-06-03T11:13:19 IST" duration-ms="23997">
      <class name="amazonprojetcs.Searchthelogin">
        <test-method is-config="true" signature="setUp()[pri:0, instance:amazonprojetcs.Searchthelogin@8458f04]" started-at="2024-06-03T11:12:55 IST" name="setUp" finished-at="2024-06-03T11:12:59 IST" duration-ms="3860" status="PASS">
          <reporter-output>
          </reporter-output>
        </test-method> <!-- setUp -->
        <test-method signature="amazonSearch()[pri:0, instance:amazonprojetcs.Searchthelogin@8458f04]" started-at="2024-06-03T11:12:59 IST" name="amazonSearch" finished-at="2024-06-03T11:13:10 IST" duration-ms="11575" status="PASS">
          <reporter-output>
          </reporter-output>
        </test-method> <!-- amazonSearch -->
        <test-method signature="listProductTitles()[pri:0, instance:amazonprojetcs.Searchthelogin@8458f04]" started-at="2024-06-03T11:13:10 IST" name="listProductTitles" finished-at="2024-06-03T11:13:18 IST" duration-ms="7958" status="PASS">
          <reporter-output>
          </reporter-output>
        </test-method> <!-- listProductTitles -->
        <test-method is-config="true" signature="tearDown()[pri:0, instance:amazonprojetcs.Searchthelogin@8458f04]" started-at="2024-06-03T11:13:18 IST" name="tearDown" finished-at="2024-06-03T11:13:19 IST" duration-ms="540" status="PASS">
          <reporter-output>
          </reporter-output>
        </test-method> <!-- tearDown -->
      </class> <!-- amazonprojetcs.Searchthelogin -->
    </test> <!-- Default test -->
  </suite> <!-- Default suite -->
</testng-results>
